<?xml version="1.0" encoding="UTF-8"?>
<!-- Generated by org.testng.reporters.JUnitReportReporter -->
<testsuite skipped="0" hostname="DESKTOP-EQVSDH7" name="TestNGDemo" tests="2" failures="0" timestamp="07 Feb 2020 07:21:57 GMT" time="4.514" errors="0">
  <testcase name="GetStarted" time="0.382" classname="TestNGDemo"/>
  <testcase name="GetStartPage" time="4.132" classname="TestNGDemo"/>
</testsuite> <!-- TestNGDemo -->
